
projectlenguajes: system execution failed.
Following is the set of recorded exceptions:

******************************** Thread exception *****************************
In thread           Root thread            0x0 (thread id)
*******************************************************************************
-------------------------------------------------------------------------------
Class / Object      Routine                Nature of exception           Effect
-------------------------------------------------------------------------------
LINKED_LIST         i_th @2                valid_index:                 
<0000000003CC0A38>  (From CHAIN)           Precondition violated.        Fail
-------------------------------------------------------------------------------
APPLICATION         cmd_load @22                                        
<0000000003CBF5A8>                         Routine failure.              Fail
-------------------------------------------------------------------------------
APPLICATION         ejecutar_cmd @28                                    
<0000000003CBF5A8>                         Routine failure.              Fail
-------------------------------------------------------------------------------
APPLICATION         make @8                                             
<0000000003CBF5A8>                         Routine failure.              Fail
-------------------------------------------------------------------------------
APPLICATION         root's creation                                     
<0000000003CBF5A8>                         Routine failure.              Exit
-------------------------------------------------------------------------------

projectlenguajes: system execution failed.
Following is the set of recorded exceptions:

******************************** Thread exception *****************************
In thread           Root thread            0x0 (thread id)
*******************************************************************************
-------------------------------------------------------------------------------
Class / Object      Routine                Nature of exception           Effect
-------------------------------------------------------------------------------
LINKED_LIST         item @2                not_off:                     
<0000000003C53A08>                         Precondition violated.        Fail
-------------------------------------------------------------------------------
APPLICATION         cmd_load @23                                        
<0000000003C525A8>                         Routine failure.              Fail
-------------------------------------------------------------------------------
APPLICATION         ejecutar_cmd @28                                    
<0000000003C525A8>                         Routine failure.              Fail
-------------------------------------------------------------------------------
APPLICATION         make @8                                             
<0000000003C525A8>                         Routine failure.              Fail
-------------------------------------------------------------------------------
APPLICATION         root's creation                                     
<0000000003C525A8>                         Routine failure.              Exit
-------------------------------------------------------------------------------

projectlenguajes: system execution failed.
Following is the set of recorded exceptions:

******************************** Thread exception *****************************
In thread           Root thread            0x0 (thread id)
*******************************************************************************
-------------------------------------------------------------------------------
Class / Object      Routine                Nature of exception           Effect
-------------------------------------------------------------------------------
LINKED_LIST         item @2                not_off:                     
<0000000003BDCA08>                         Precondition violated.        Fail
-------------------------------------------------------------------------------
APPLICATION         cmd_load @25                                        
<0000000003BDB5A8>                         Routine failure.              Fail
-------------------------------------------------------------------------------
APPLICATION         ejecutar_cmd @28                                    
<0000000003BDB5A8>                         Routine failure.              Fail
-------------------------------------------------------------------------------
APPLICATION         make @8                                             
<0000000003BDB5A8>                         Routine failure.              Fail
-------------------------------------------------------------------------------
APPLICATION         root's creation                                     
<0000000003BDB5A8>                         Routine failure.              Exit
-------------------------------------------------------------------------------
